<?xml version="1.0" encoding="UTF-8"?>
<testsuite name="application.command.CommandLineParserTest" tests="3" skipped="0" failures="0" errors="0" timestamp="2020-04-07T20:53:27" hostname="Jingjings-MacBook-Pro.local" time="0.008">
  <properties/>
  <testcase name="parse" classname="application.command.CommandLineParserTest" time="0.004"/>
  <testcase name="missingCommands" classname="application.command.CommandLineParserTest" time="0.001"/>
  <testcase name="InvalidCommandException" classname="application.command.CommandLineParserTest" time="0.001"/>
  <system-out><![CDATA[]]></system-out>
  <system-err><![CDATA[]]></system-err>
</testsuite>
