<?xml version="1.0" encoding="UTF-8"?>
<testsuite name="application.model.TodoCategoryIteratorTest" tests="5" skipped="0" failures="0" errors="0" timestamp="2020-04-07T20:53:27" hostname="Jingjings-MacBook-Pro.local" time="0.024">
  <properties/>
  <testcase name="testToString" classname="application.model.TodoCategoryIteratorTest" time="0.001"/>
  <testcase name="next" classname="application.model.TodoCategoryIteratorTest" time="0.0"/>
  <testcase name="hasNext" classname="application.model.TodoCategoryIteratorTest" time="0.011"/>
  <testcase name="testHashCode" classname="application.model.TodoCategoryIteratorTest" time="0.002"/>
  <testcase name="testEquals" classname="application.model.TodoCategoryIteratorTest" time="0.005"/>
  <system-out><![CDATA[]]></system-out>
  <system-err><![CDATA[]]></system-err>
</testsuite>
