<?xml version="1.0" encoding="UTF-8"?>
<testsuite name="application.fileIO.CsvDataReaderTest" tests="4" skipped="0" failures="0" errors="0" timestamp="2020-04-07T20:53:26" hostname="Jingjings-MacBook-Pro.local" time="0.012">
  <properties/>
  <testcase name="read" classname="application.fileIO.CsvDataReaderTest" time="0.004"/>
  <testcase name="fileNotFound" classname="application.fileIO.CsvDataReaderTest" time="0.001"/>
  <testcase name="getHeader" classname="application.fileIO.CsvDataReaderTest" time="0.001"/>
  <testcase name="getContents" classname="application.fileIO.CsvDataReaderTest" time="0.003"/>
  <system-out><![CDATA[]]></system-out>
  <system-err><![CDATA[]]></system-err>
</testsuite>
