<?xml version="1.0" encoding="UTF-8"?>
<testsuite name="application.task.UpdateCSVTest" tests="6" skipped="0" failures="0" errors="0" timestamp="2020-04-07T20:53:27" hostname="Jingjings-MacBook-Pro.local" time="0.155">
  <properties/>
  <testcase name="execute" classname="application.task.UpdateCSVTest" time="0.143"/>
  <testcase name="testToString" classname="application.task.UpdateCSVTest" time="0.005"/>
  <testcase name="createSubTask" classname="application.task.UpdateCSVTest" time="0.003"/>
  <testcase name="assignCommands" classname="application.task.UpdateCSVTest" time="0.0"/>
  <testcase name="testHashCode" classname="application.task.UpdateCSVTest" time="0.002"/>
  <testcase name="testEquals" classname="application.task.UpdateCSVTest" time="0.0"/>
  <system-out><![CDATA[]]></system-out>
  <system-err><![CDATA[]]></system-err>
</testsuite>
