<?xml version="1.0" encoding="UTF-8"?>
<testsuite name="problem01.PaintingServiceTest" tests="19" skipped="0" failures="0" errors="0" timestamp="2020-01-29T01:03:02" hostname="Jingjings-MacBook-Pro.local" time="0.032">
  <properties/>
  <testcase name="getNumberOfPets" classname="problem01.PaintingServiceTest" time="0.001"/>
  <testcase name="threeNumberOfPets" classname="problem01.PaintingServiceTest" time="0.0"/>
  <testcase name="zeroPetAdditionalFee" classname="problem01.PaintingServiceTest" time="0.0"/>
  <testcase name="testToString" classname="problem01.PaintingServiceTest" time="0.002"/>
  <testcase name="calculatePrice" classname="problem01.PaintingServiceTest" time="0.001"/>
  <testcase name="getAdditionalFee" classname="problem01.PaintingServiceTest" time="0.0"/>
  <testcase name="beforeDiscountCalculatePrice" classname="problem01.PaintingServiceTest" time="0.0"/>
  <testcase name="onePetAdditionalFee" classname="problem01.PaintingServiceTest" time="0.0"/>
  <testcase name="getPropertySize" classname="problem01.PaintingServiceTest" time="0.0"/>
  <testcase name="testHashcode" classname="problem01.PaintingServiceTest" time="0.0"/>
  <testcase name="zeroNumberOfPets" classname="problem01.PaintingServiceTest" time="0.0"/>
  <testcase name="getCompleteTime" classname="problem01.PaintingServiceTest" time="0.0"/>
  <testcase name="testEquality" classname="problem01.PaintingServiceTest" time="0.0"/>
  <testcase name="smallPropertyllCompleteTime" classname="problem01.PaintingServiceTest" time="0.001"/>
  <testcase name="getPreviouslyNumberOfService" classname="problem01.PaintingServiceTest" time="0.001"/>
  <testcase name="oneNumberOfPets" classname="problem01.PaintingServiceTest" time="0.001"/>
  <testcase name="threePetAdditionalFee" classname="problem01.PaintingServiceTest" time="0.0"/>
  <testcase name="largePropertyllCompleteTime" classname="problem01.PaintingServiceTest" time="0.001"/>
  <testcase name="getPropertyAddress" classname="problem01.PaintingServiceTest" time="0.0"/>
  <system-out><![CDATA[]]></system-out>
  <system-err><![CDATA[]]></system-err>
</testsuite>
