<?xml version="1.0" encoding="UTF-8"?>
<testsuite name="finalPractice7.problem02.FlattenListTest" tests="3" skipped="0" failures="0" errors="0" timestamp="2020-04-17T04:49:49" hostname="Jingjings-MacBook-Pro.local" time="0.021">
  <properties/>
  <testcase name="testEmpty" classname="finalPractice7.problem02.FlattenListTest" time="0.004"/>
  <testcase name="testDuplicate" classname="finalPractice7.problem02.FlattenListTest" time="0.0"/>
  <testcase name="testNoDuplicate" classname="finalPractice7.problem02.FlattenListTest" time="0.011"/>
  <system-out><![CDATA[]]></system-out>
  <system-err><![CDATA[]]></system-err>
</testsuite>
