<?xml version="1.0" encoding="UTF-8"?>
<testsuite name="problem3.RectangleTest" tests="4" skipped="0" failures="0" errors="0" timestamp="2020-01-16T07:16:45" hostname="Jingjings-MacBook-Pro.local" time="0.004">
  <properties/>
  <testcase name="invalidHeight" classname="problem3.RectangleTest" time="0.002"/>
  <testcase name="area" classname="problem3.RectangleTest" time="0.0"/>
  <testcase name="invalidWidth" classname="problem3.RectangleTest" time="0.0"/>
  <testcase name="perimeter" classname="problem3.RectangleTest" time="0.0"/>
  <system-out><![CDATA[]]></system-out>
  <system-err><![CDATA[]]></system-err>
</testsuite>
