<?xml version="1.0" encoding="UTF-8"?>
<testsuite name="CSVDataReaderTest" tests="8" skipped="0" failures="0" errors="0" timestamp="2020-03-25T18:26:09" hostname="Jingjings-MacBook-Pro.local" time="0.019">
  <properties/>
  <testcase name="containDuplicateInTags" classname="CSVDataReaderTest" time="0.006"/>
  <testcase name="testToString" classname="CSVDataReaderTest" time="0.002"/>
  <testcase name="emptyException" classname="CSVDataReaderTest" time="0.0"/>
  <testcase name="testHashCode" classname="CSVDataReaderTest" time="0.0"/>
  <testcase name="testEquals" classname="CSVDataReaderTest" time="0.0"/>
  <testcase name="fileNotFoundException" classname="CSVDataReaderTest" time="0.0"/>
  <testcase name="readTestInfo" classname="CSVDataReaderTest" time="0.001"/>
  <testcase name="readTestTag" classname="CSVDataReaderTest" time="0.001"/>
  <system-out><![CDATA[]]></system-out>
  <system-err><![CDATA[]]></system-err>
</testsuite>
