<?xml version="1.0" encoding="UTF-8"?>
<testsuite name="problem01.MusicianTest" tests="9" skipped="0" failures="0" errors="0" timestamp="2020-01-30T06:38:20" hostname="Jingjings-MacBook-Pro.local" time="0.018">
  <properties/>
  <testcase name="invalidAge" classname="problem01.MusicianTest" time="0.003"/>
  <testcase name="getLastRecordAlbum" classname="problem01.MusicianTest" time="0.0"/>
  <testcase name="getAge" classname="problem01.MusicianTest" time="0.001"/>
  <testcase name="invalidAge2" classname="problem01.MusicianTest" time="0.001"/>
  <testcase name="artistReceivedAward" classname="problem01.MusicianTest" time="0.003"/>
  <testcase name="getName" classname="problem01.MusicianTest" time="0.001"/>
  <testcase name="getAwards" classname="problem01.MusicianTest" time="0.001"/>
  <testcase name="getGenres" classname="problem01.MusicianTest" time="0.001"/>
  <testcase name="getRecordingCompany" classname="problem01.MusicianTest" time="0.0"/>
  <system-out><![CDATA[]]></system-out>
  <system-err><![CDATA[]]></system-err>
</testsuite>
