<?xml version="1.0" encoding="UTF-8"?>
<testsuite name="problem01.PoemTest" tests="7" skipped="0" failures="0" errors="0" timestamp="2020-01-30T06:38:20" hostname="Jingjings-MacBook-Pro.local" time="0.014">
  <properties/>
  <testcase name="getAge" classname="problem01.PoemTest" time="0.002"/>
  <testcase name="artistReceivedAward" classname="problem01.PoemTest" time="0.001"/>
  <testcase name="getName" classname="problem01.PoemTest" time="0.008"/>
  <testcase name="getAwards" classname="problem01.PoemTest" time="0.0"/>
  <testcase name="getGenres" classname="problem01.PoemTest" time="0.0"/>
  <testcase name="getLastPublishedCollection" classname="problem01.PoemTest" time="0.0"/>
  <testcase name="getPublishingCompany" classname="problem01.PoemTest" time="0.001"/>
  <system-out><![CDATA[]]></system-out>
  <system-err><![CDATA[]]></system-err>
</testsuite>
