<?xml version="1.0" encoding="UTF-8"?>
<testsuite name="problem01.NameTest" tests="2" skipped="0" failures="0" errors="0" timestamp="2020-01-30T06:38:20" hostname="Jingjings-MacBook-Pro.local" time="0.0">
  <properties/>
  <testcase name="getFirstName" classname="problem01.NameTest" time="0.0"/>
  <testcase name="getLastName" classname="problem01.NameTest" time="0.0"/>
  <system-out><![CDATA[]]></system-out>
  <system-err><![CDATA[]]></system-err>
</testsuite>
