<?xml version="1.0" encoding="UTF-8"?>
<testsuite name="problem02.BagOfWordsTest" tests="9" skipped="0" failures="0" errors="0" timestamp="2020-02-18T19:16:08" hostname="Jingjings-MacBook-Pro.local" time="0.011">
  <properties/>
  <testcase name="testToString" classname="problem02.BagOfWordsTest" time="0.001"/>
  <testcase name="contains" classname="problem02.BagOfWordsTest" time="0.003"/>
  <testcase name="notContains" classname="problem02.BagOfWordsTest" time="0.0"/>
  <testcase name="add" classname="problem02.BagOfWordsTest" time="0.0"/>
  <testcase name="size" classname="problem02.BagOfWordsTest" time="0.0"/>
  <testcase name="isNotEmpty" classname="problem02.BagOfWordsTest" time="0.0"/>
  <testcase name="testHashCode" classname="problem02.BagOfWordsTest" time="0.0"/>
  <testcase name="testEquals" classname="problem02.BagOfWordsTest" time="0.0"/>
  <testcase name="isEmpty" classname="problem02.BagOfWordsTest" time="0.001"/>
  <system-out><![CDATA[]]></system-out>
  <system-err><![CDATA[]]></system-err>
</testsuite>
