<?xml version="1.0" encoding="UTF-8"?>
<testsuite name="problem02.linkedlist02.ILinkedListForWordsTest" tests="9" skipped="0" failures="0" errors="0" timestamp="2020-02-18T19:16:08" hostname="Jingjings-MacBook-Pro.local" time="0.009">
  <properties/>
  <testcase name="equals" classname="problem02.linkedlist02.ILinkedListForWordsTest" time="0.003"/>
  <testcase name="insert" classname="problem02.linkedlist02.ILinkedListForWordsTest" time="0.0"/>
  <testcase name="contains" classname="problem02.linkedlist02.ILinkedListForWordsTest" time="0.001"/>
  <testcase name="notContains" classname="problem02.linkedlist02.ILinkedListForWordsTest" time="0.0"/>
  <testcase name="getRest" classname="problem02.linkedlist02.ILinkedListForWordsTest" time="0.001"/>
  <testcase name="getWord" classname="problem02.linkedlist02.ILinkedListForWordsTest" time="0.0"/>
  <testcase name="count" classname="problem02.linkedlist02.ILinkedListForWordsTest" time="0.0"/>
  <testcase name="hashcode" classname="problem02.linkedlist02.ILinkedListForWordsTest" time="0.0"/>
  <testcase name="testImmutability" classname="problem02.linkedlist02.ILinkedListForWordsTest" time="0.0"/>
  <system-out><![CDATA[]]></system-out>
  <system-err><![CDATA[]]></system-err>
</testsuite>
