<?xml version="1.0" encoding="UTF-8"?>
<testsuite name="problem0102.FleetManagerTest" tests="7" skipped="0" failures="0" errors="0" timestamp="2020-02-06T06:25:38" hostname="Jingjings-MacBook-Pro.local" time="0.029">
  <properties/>
  <testcase name="overspeedBoatDrive1" classname="problem0102.FleetManagerTest" time="0.0"/>
  <testcase name="overspeedBoatDrive2" classname="problem0102.FleetManagerTest" time="0.0"/>
  <testcase name="equals" classname="problem0102.FleetManagerTest" time="0.001"/>
  <testcase name="busDrive" classname="problem0102.FleetManagerTest" time="0.001"/>
  <testcase name="hashcode" classname="problem0102.FleetManagerTest" time="0.001"/>
  <testcase name="BoatDrive" classname="problem0102.FleetManagerTest" time="0.0"/>
  <testcase name="overloadingBoatDrive1" classname="problem0102.FleetManagerTest" time="0.001"/>
  <system-out><![CDATA[]]></system-out>
  <system-err><![CDATA[]]></system-err>
</testsuite>
