<?xml version="1.0" encoding="UTF-8"?>
<testsuite name="EmailTest" tests="2" skipped="0" failures="0" errors="0" timestamp="2020-01-10T06:16:05" hostname="Jingjings-MacBook-Pro.local" time="0.001">
  <properties/>
  <testcase name="getLoginName" classname="EmailTest" time="0.0"/>
  <testcase name="getDomainName" classname="EmailTest" time="0.0"/>
  <system-out><![CDATA[]]></system-out>
  <system-err><![CDATA[]]></system-err>
</testsuite>
