<?xml version="1.0" encoding="UTF-8"?>
<testsuite name="AddressTest" tests="6" skipped="0" failures="0" errors="0" timestamp="2020-01-10T06:16:05" hostname="Jingjings-MacBook-Pro.local" time="0.002">
  <properties/>
  <testcase name="getCountryName" classname="AddressTest" time="0.0"/>
  <testcase name="getStreetName" classname="AddressTest" time="0.001"/>
  <testcase name="getStreetNumber" classname="AddressTest" time="0.0"/>
  <testcase name="getStateAcronym" classname="AddressTest" time="0.0"/>
  <testcase name="getCityName" classname="AddressTest" time="0.0"/>
  <testcase name="getZipCode" classname="AddressTest" time="0.0"/>
  <system-out><![CDATA[]]></system-out>
  <system-err><![CDATA[]]></system-err>
</testsuite>
