<?xml version="1.0" encoding="UTF-8"?>
<testsuite name="AuthorTest" tests="3" skipped="0" failures="0" errors="0" timestamp="2020-01-10T06:16:05" hostname="Jingjings-MacBook-Pro.local" time="0.002">
  <properties/>
  <testcase name="getAddress" classname="AuthorTest" time="0.0"/>
  <testcase name="getName" classname="AuthorTest" time="0.0"/>
  <testcase name="getEmail" classname="AuthorTest" time="0.0"/>
  <system-out><![CDATA[]]></system-out>
  <system-err><![CDATA[]]></system-err>
</testsuite>
