<?xml version="1.0" encoding="UTF-8"?>
<testsuite name="view.ShowSeatsTest" tests="3" skipped="0" failures="0" errors="0" timestamp="2020-04-14T22:52:05" hostname="Jingjings-MacBook-Pro.local" time="0.158">
  <properties/>
  <testcase name="showSeats" classname="view.ShowSeatsTest" time="0.14"/>
  <testcase name="noSeatsAvailable" classname="view.ShowSeatsTest" time="0.012"/>
  <testcase name="sucessfullyReserveSeat" classname="view.ShowSeatsTest" time="0.002"/>
  <system-out><![CDATA[]]></system-out>
  <system-err><![CDATA[]]></system-err>
</testsuite>
