<?xml version="1.0" encoding="UTF-8"?>
<testsuite name="controller.ReservationServiceTest" tests="2" skipped="0" failures="0" errors="0" timestamp="2020-04-14T22:52:04" hostname="Jingjings-MacBook-Pro.local" time="0.609">
  <properties/>
  <testcase name="showService" classname="controller.ReservationServiceTest" time="0.079"/>
  <testcase name="reserveService" classname="controller.ReservationServiceTest" time="0.503"/>
  <system-out><![CDATA[]]></system-out>
  <system-err><![CDATA[]]></system-err>
</testsuite>
