<?xml version="1.0" encoding="UTF-8"?>
<testsuite name="model.TheaterTest" tests="6" skipped="0" failures="0" errors="0" timestamp="2020-04-14T22:52:05" hostname="Jingjings-MacBook-Pro.local" time="0.022">
  <properties/>
  <testcase name="getWheelChairRow" classname="model.TheaterTest" time="0.001"/>
  <testcase name="tostring" classname="model.TheaterTest" time="0.001"/>
  <testcase name="getRows" classname="model.TheaterTest" time="0.004"/>
  <testcase name="getTheaterName" classname="model.TheaterTest" time="0.004"/>
  <testcase name="testHashCode" classname="model.TheaterTest" time="0.001"/>
  <testcase name="testEquals" classname="model.TheaterTest" time="0.0"/>
  <system-out><![CDATA[]]></system-out>
  <system-err><![CDATA[]]></system-err>
</testsuite>
