<?xml version="1.0" encoding="UTF-8"?>
<testsuite name="problem3.AmountTest" tests="8" skipped="0" failures="0" errors="0" timestamp="2020-01-14T18:20:43" hostname="Jingjings-MacBook-Pro.local" time="0.006">
  <properties/>
  <testcase name="changeCents" classname="problem3.AmountTest" time="0.001"/>
  <testcase name="invalidDollar" classname="problem3.AmountTest" time="0.0"/>
  <testcase name="convertToDollars" classname="problem3.AmountTest" time="0.0"/>
  <testcase name="changeDollar" classname="problem3.AmountTest" time="0.0"/>
  <testcase name="dollarToCents" classname="problem3.AmountTest" time="0.0"/>
  <testcase name="getCent" classname="problem3.AmountTest" time="0.001"/>
  <testcase name="getDollar" classname="problem3.AmountTest" time="0.001"/>
  <testcase name="invalidCents" classname="problem3.AmountTest" time="0.0"/>
  <system-out><![CDATA[]]></system-out>
  <system-err><![CDATA[]]></system-err>
</testsuite>
