<?xml version="1.0" encoding="UTF-8"?>
<testsuite name="problem2.TimeTest" tests="11" skipped="0" failures="0" errors="0" timestamp="2020-01-14T18:20:43" hostname="Jingjings-MacBook-Pro.local" time="0.054">
  <properties/>
  <testcase name="getSeconds" classname="problem2.TimeTest" time="0.004"/>
  <testcase name="convertToSeconds" classname="problem2.TimeTest" time="0.0"/>
  <testcase name="invalidHour" classname="problem2.TimeTest" time="0.031"/>
  <testcase name="setMinutes" classname="problem2.TimeTest" time="0.003"/>
  <testcase name="getHour" classname="problem2.TimeTest" time="0.0"/>
  <testcase name="setSeconds" classname="problem2.TimeTest" time="0.001"/>
  <testcase name="invalidMinutes" classname="problem2.TimeTest" time="0.001"/>
  <testcase name="invalidSeconds" classname="problem2.TimeTest" time="0.001"/>
  <testcase name="convertToTime" classname="problem2.TimeTest" time="0.001"/>
  <testcase name="setHour" classname="problem2.TimeTest" time="0.001"/>
  <testcase name="getMinutes" classname="problem2.TimeTest" time="0.001"/>
  <system-out><![CDATA[]]></system-out>
  <system-err><![CDATA[]]></system-err>
</testsuite>
