<?xml version="1.0" encoding="UTF-8"?>
<testsuite name="problem2.PersonTest" tests="4" skipped="0" failures="0" errors="0" timestamp="2020-01-14T18:20:43" hostname="Jingjings-MacBook-Pro.local" time="0.001">
  <properties/>
  <testcase name="getFirstName" classname="problem2.PersonTest" time="0.0"/>
  <testcase name="setLastName" classname="problem2.PersonTest" time="0.0"/>
  <testcase name="getLastName" classname="problem2.PersonTest" time="0.0"/>
  <testcase name="setFirstName" classname="problem2.PersonTest" time="0.0"/>
  <system-out><![CDATA[]]></system-out>
  <system-err><![CDATA[]]></system-err>
</testsuite>
