<?xml version="1.0" encoding="UTF-8"?>
<testsuite name="problem1.VehicleTest" tests="6" skipped="0" failures="0" errors="0" timestamp="2020-01-14T18:20:43" hostname="Jingjings-MacBook-Pro.local" time="0.028">
  <properties/>
  <testcase name="getVIN" classname="problem1.VehicleTest" time="0.002"/>
  <testcase name="getLicensePlate" classname="problem1.VehicleTest" time="0.0"/>
  <testcase name="setVIN" classname="problem1.VehicleTest" time="0.004"/>
  <testcase name="setLicensePlate" classname="problem1.VehicleTest" time="0.007"/>
  <testcase name="setOwner" classname="problem1.VehicleTest" time="0.003"/>
  <testcase name="getOwner" classname="problem1.VehicleTest" time="0.001"/>
  <system-out><![CDATA[]]></system-out>
  <system-err><![CDATA[]]></system-err>
</testsuite>
