<?xml version="1.0" encoding="UTF-8"?>
<testsuite name="problem2.TeamTest" tests="2" skipped="0" failures="0" errors="0" timestamp="2020-01-14T18:20:43" hostname="Jingjings-MacBook-Pro.local" time="0.0">
  <properties/>
  <testcase name="getName" classname="problem2.TeamTest" time="0.0"/>
  <testcase name="setName" classname="problem2.TeamTest" time="0.0"/>
  <system-out><![CDATA[]]></system-out>
  <system-err><![CDATA[]]></system-err>
</testsuite>
