<?xml version="1.0" encoding="UTF-8"?>
<testsuite name="problem2.RunnerTest" tests="9" skipped="0" failures="0" errors="0" timestamp="2020-01-14T18:20:43" hostname="Jingjings-MacBook-Pro.local" time="0.004">
  <properties/>
  <testcase name="getStartTime" classname="problem2.RunnerTest" time="0.0"/>
  <testcase name="setStartTime" classname="problem2.RunnerTest" time="0.0"/>
  <testcase name="getEndTime" classname="problem2.RunnerTest" time="0.001"/>
  <testcase name="getName" classname="problem2.RunnerTest" time="0.0"/>
  <testcase name="getTeam" classname="problem2.RunnerTest" time="0.0"/>
  <testcase name="getDuration" classname="problem2.RunnerTest" time="0.0"/>
  <testcase name="setEndTime" classname="problem2.RunnerTest" time="0.0"/>
  <testcase name="setName" classname="problem2.RunnerTest" time="0.0"/>
  <testcase name="setTeam" classname="problem2.RunnerTest" time="0.0"/>
  <system-out><![CDATA[]]></system-out>
  <system-err><![CDATA[]]></system-err>
</testsuite>
